{
  "RSpec": {
    "coverage": {
      "/Users/crowrising/Turing/3Mod/TakeTwo/Projects/rails-engine/config/environment.rb": {
        "lines": [
          null,
          1,
          null,
          null,
          1
        ]
      },
      "/Users/crowrising/Turing/3Mod/TakeTwo/Projects/rails-engine/config/application.rb": {
        "lines": [
          1,
          null,
          1,
          null,
          1,
          1,
          1,
          1,
          1,
          1,
          1,
          1,
          1,
          1,
          null,
          null,
          null,
          null,
          1,
          null,
          1,
          1,
          null,
          1,
          null,
          null,
          null,
          null,
          null,
          null,
          null,
          null,
          null,
          null,
          null,
          null,
          1,
          null,
          null
        ]
      },
      "/Users/crowrising/Turing/3Mod/TakeTwo/Projects/rails-engine/config/boot.rb": {
        "lines": [
          1,
          null,
          1,
          1
        ]
      },
      "/Users/crowrising/Turing/3Mod/TakeTwo/Projects/rails-engine/config/environments/test.rb": {
        "lines": [
          1,
          null,
          null,
          null,
          null,
          null,
          null,
          1,
          null,
          null,
          null,
          1,
          null,
          null,
          null,
          null,
          1,
          null,
          null,
          1,
          1,
          null,
          null,
          null,
          null,
          1,
          1,
          1,
          null,
          null,
          1,
          null,
          null,
          1,
          null,
          null,
          1,
          null,
          1,
          null,
          null,
          null,
          null,
          1,
          null,
          null,
          1,
          null,
          null,
          1,
          null,
          null,
          1,
          null,
          null,
          null,
          null,
          null,
          null,
          null
        ]
      },
      "/Users/crowrising/Turing/3Mod/TakeTwo/Projects/rails-engine/config/initializers/cors.rb": {
        "lines": [
          null,
          null,
          null,
          null,
          null,
          null,
          null,
          null,
          null,
          null,
          null,
          null,
          null,
          null,
          null,
          null
        ]
      },
      "/Users/crowrising/Turing/3Mod/TakeTwo/Projects/rails-engine/config/initializers/filter_parameter_logging.rb": {
        "lines": [
          null,
          null,
          null,
          null,
          null,
          1,
          null,
          null
        ]
      },
      "/Users/crowrising/Turing/3Mod/TakeTwo/Projects/rails-engine/config/initializers/inflections.rb": {
        "lines": [
          null,
          null,
          null,
          null,
          null,
          null,
          null,
          null,
          null,
          null,
          null,
          null,
          null,
          null,
          null,
          null
        ]
      },
      "/Users/crowrising/Turing/3Mod/TakeTwo/Projects/rails-engine/spec/factories/customer.rb": {
        "lines": [
          1,
          1,
          1,
          1,
          null,
          null
        ]
      },
      "/Users/crowrising/Turing/3Mod/TakeTwo/Projects/rails-engine/spec/factories/invoice.rb": {
        "lines": [
          1,
          1,
          1,
          1,
          1,
          null,
          null
        ]
      },
      "/Users/crowrising/Turing/3Mod/TakeTwo/Projects/rails-engine/spec/factories/invoice_item.rb": {
        "lines": [
          1,
          1,
          1,
          1,
          1,
          1,
          null,
          null
        ]
      },
      "/Users/crowrising/Turing/3Mod/TakeTwo/Projects/rails-engine/spec/factories/item.rb": {
        "lines": [
          1,
          1,
          8,
          8,
          8,
          1,
          null,
          null
        ]
      },
      "/Users/crowrising/Turing/3Mod/TakeTwo/Projects/rails-engine/spec/factories/merchant.rb": {
        "lines": [
          1,
          1,
          5,
          null,
          null
        ]
      },
      "/Users/crowrising/Turing/3Mod/TakeTwo/Projects/rails-engine/spec/factories/transaction.rb": {
        "lines": [
          1,
          1,
          1,
          1,
          1,
          1,
          null,
          null
        ]
      },
      "/Users/crowrising/Turing/3Mod/TakeTwo/Projects/rails-engine/config/routes.rb": {
        "lines": [
          1,
          null,
          null,
          null,
          null,
          1,
          1,
          1,
          1,
          null,
          null,
          1,
          1,
          null,
          null,
          null,
          null
        ]
      },
      "/Users/crowrising/Turing/3Mod/TakeTwo/Projects/rails-engine/app/models/merchant.rb": {
        "lines": [
          1,
          1,
          null,
          1,
          null
        ]
      },
      "/Users/crowrising/Turing/3Mod/TakeTwo/Projects/rails-engine/app/models/application_record.rb": {
        "lines": [
          1,
          1,
          null
        ]
      },
      "/Users/crowrising/Turing/3Mod/TakeTwo/Projects/rails-engine/app/models/item.rb": {
        "lines": [
          1,
          1,
          null,
          1,
          null,
          null,
          null,
          null
        ]
      },
      "/Users/crowrising/Turing/3Mod/TakeTwo/Projects/rails-engine/app/controllers/api/v1/items_controller.rb": {
        "lines": [
          1,
          1,
          1,
          1,
          1,
          null,
          null,
          1,
          1,
          null,
          null,
          null,
          null
        ]
      },
      "/Users/crowrising/Turing/3Mod/TakeTwo/Projects/rails-engine/app/controllers/application_controller.rb": {
        "lines": [
          1,
          null
        ]
      },
      "/Users/crowrising/Turing/3Mod/TakeTwo/Projects/rails-engine/app/serializers/item_serializer.rb": {
        "lines": [
          1,
          1,
          1,
          null,
          null,
          null,
          null
        ]
      }
    },
    "timestamp": 1689035667
  }
}
